[35m[1mConsolidate compiler generated dependencies of target moveit_mover[0m
[ 25%] [32mBuilding CXX object CMakeFiles/moveit_mover.dir/src/moveit_mover/moveit_mover.cpp.o[0m
[01m[K/home/daniel/vm2_holistic_system_ws/src/tracking_pkg/src/moveit_mover/moveit_mover.cpp:[m[K In member function â€˜[01m[Kvoid HandPositionFollower::handPositionCallback(geometry_msgs::msg::Pose_<std::allocator<void> >::SharedPtr)[m[Kâ€™:
[01m[K/home/daniel/vm2_holistic_system_ws/src/tracking_pkg/src/moveit_mover/moveit_mover.cpp:102:13:[m[K [01;31m[Kerror: [m[Kâ€˜[01m[KpublishGripperZeroer[m[Kâ€™ was not declared in this scope; did you mean â€˜[01m[KpublishGripperCommand[m[Kâ€™?
  102 |             [01;31m[KpublishGripperZeroer[m[K(true);
      |             [01;31m[K^~~~~~~~~~~~~~~~~~~~[m[K
      |             [32m[KpublishGripperCommand[m[K
gmake[2]: *** [CMakeFiles/moveit_mover.dir/build.make:76: CMakeFiles/moveit_mover.dir/src/moveit_mover/moveit_mover.cpp.o] Error 1
gmake[1]: *** [CMakeFiles/Makefile2:139: CMakeFiles/moveit_mover.dir/all] Error 2
gmake: *** [Makefile:146: all] Error 2
